<?xml version="1.0" encoding="UTF-8"?>
<testng-results ignored="0" total="3" passed="3" failed="0" skipped="0">
  <reporter-output>
  </reporter-output>
  <suite started-at="2023-01-13T21:06:08 IST" name="Suite" finished-at="2023-01-13T21:11:09 IST" duration-ms="300647">
    <groups>
      <group name="cucumber">
        <method signature="AbstractTestNGCucumberTests.runScenario(io.cucumber.testng.PickleWrapper,io.cucumber.testng.FeatureWrapper)[pri:0, instance:TestRunner.TestRunner2@46678e49]" name="runScenario" class="io.cucumber.testng.AbstractTestNGCucumberTests"/>
        <method signature="AbstractTestNGCucumberTests.runScenario(io.cucumber.testng.PickleWrapper,io.cucumber.testng.FeatureWrapper)[pri:0, instance:TestRunner.TestRunner@12958360]" name="runScenario" class="io.cucumber.testng.AbstractTestNGCucumberTests"/>
      </group> <!-- cucumber -->
    </groups>
    <test started-at="2023-01-13T21:06:08 IST" name="Test" finished-at="2023-01-13T21:11:09 IST" duration-ms="300647">
      <class name="TestRunner.TestRunner">
        <test-method is-config="true" signature="setUpClass(org.testng.ITestContext)[pri:0, instance:TestRunner.TestRunner@12958360]" started-at="2023-01-13T21:06:08 IST" name="setUpClass" finished-at="2023-01-13T21:06:11 IST" duration-ms="2615" status="PASS">
          <params>
            <param index="0">
              <value>
                <![CDATA[org.testng.TestRunner@cd90676]]>
              </value>
            </param>
          </params>
          <reporter-output>
          </reporter-output>
        </test-method> <!-- setUpClass -->
        <test-method is-config="true" signature="tearDownClass()[pri:0, instance:TestRunner.TestRunner@12958360]" started-at="2023-01-13T21:06:11 IST" name="tearDownClass" finished-at="2023-01-13T21:06:11 IST" duration-ms="99" status="PASS">
          <reporter-output>
          </reporter-output>
        </test-method> <!-- tearDownClass -->
      </class> <!-- TestRunner.TestRunner -->
      <class name="TestRunner.TestRunner2">
        <test-method is-config="true" signature="setUpClass(org.testng.ITestContext)[pri:0, instance:TestRunner.TestRunner2@46678e49]" started-at="2023-01-13T21:06:11 IST" name="setUpClass" finished-at="2023-01-13T21:06:11 IST" duration-ms="36" status="PASS">
          <params>
            <param index="0">
              <value>
                <![CDATA[org.testng.TestRunner@cd90676]]>
              </value>
            </param>
          </params>
          <reporter-output>
          </reporter-output>
        </test-method> <!-- setUpClass -->
        <test-method signature="runScenario(io.cucumber.testng.PickleWrapper,io.cucumber.testng.FeatureWrapper)[pri:0, instance:TestRunner.TestRunner2@46678e49]" started-at="2023-01-13T21:06:11 IST" name="runScenario" description="Runs Cucumber Scenarios" data-provider="scenarios" finished-at="2023-01-13T21:07:40 IST" duration-ms="89574" status="PASS">
          <params>
            <param index="0">
              <value>
                <![CDATA["User checks the search functionality"]]>
              </value>
            </param>
            <param index="1">
              <value>
                <![CDATA["Feature to test the functionality of search and result selection for valid Data"]]>
              </value>
            </param>
          </params>
          <reporter-output>
          </reporter-output>
        </test-method> <!-- runScenario -->
        <test-method signature="runScenario(io.cucumber.testng.PickleWrapper,io.cucumber.testng.FeatureWrapper)[pri:0, instance:TestRunner.TestRunner2@46678e49]" started-at="2023-01-13T21:07:41 IST" name="runScenario" description="Runs Cucumber Scenarios" data-provider="scenarios" finished-at="2023-01-13T21:09:47 IST" duration-ms="126059" status="PASS">
          <params>
            <param index="0">
              <value>
                <![CDATA["User checks the search selection functionality"]]>
              </value>
            </param>
            <param index="1">
              <value>
                <![CDATA["Feature to test the functionality of search and result selection for valid Data"]]>
              </value>
            </param>
          </params>
          <reporter-output>
          </reporter-output>
        </test-method> <!-- runScenario -->
        <test-method signature="runScenario(io.cucumber.testng.PickleWrapper,io.cucumber.testng.FeatureWrapper)[pri:0, instance:TestRunner.TestRunner2@46678e49]" started-at="2023-01-13T21:09:47 IST" name="runScenario" description="Runs Cucumber Scenarios" data-provider="scenarios" finished-at="2023-01-13T21:11:09 IST" duration-ms="81859" status="PASS">
          <params>
            <param index="0">
              <value>
                <![CDATA["User checks the search selection functionality"]]>
              </value>
            </param>
            <param index="1">
              <value>
                <![CDATA["Feature to test the functionality of search and result selection for valid Data"]]>
              </value>
            </param>
          </params>
          <reporter-output>
          </reporter-output>
        </test-method> <!-- runScenario -->
        <test-method is-config="true" signature="tearDownClass()[pri:0, instance:TestRunner.TestRunner2@46678e49]" started-at="2023-01-13T21:11:09 IST" name="tearDownClass" finished-at="2023-01-13T21:11:09 IST" duration-ms="30" status="PASS">
          <reporter-output>
          </reporter-output>
        </test-method> <!-- tearDownClass -->
      </class> <!-- TestRunner.TestRunner2 -->
    </test> <!-- Test -->
  </suite> <!-- Suite -->
</testng-results>
