<?xml version="1.0" encoding="UTF-8"?>
<testng-results ignored="0" total="0" passed="0" failed="0" skipped="0">
  <reporter-output>
  </reporter-output>
  <suite started-at="2022-12-13T08:38:45 IST" name="Default suite" finished-at="2022-12-13T08:38:47 IST" duration-ms="2343">
    <groups>
      <group name="cucumber">
        <method signature="AbstractTestNGCucumberTests.runScenario(io.cucumber.testng.PickleWrapper,io.cucumber.testng.FeatureWrapper)[pri:0, instance:TestRunner.TestRunner@21f8e55f]" name="runScenario" class="io.cucumber.testng.AbstractTestNGCucumberTests"/>
      </group> <!-- cucumber -->
    </groups>
    <test started-at="2022-12-13T08:38:45 IST" name="Default test" finished-at="2022-12-13T08:38:47 IST" duration-ms="2343">
      <class name="TestRunner.TestRunner">
        <test-method is-config="true" signature="setUpClass(org.testng.ITestContext)[pri:0, instance:TestRunner.TestRunner@21f8e55f]" started-at="2022-12-13T08:38:45 IST" name="setUpClass" finished-at="2022-12-13T08:38:47 IST" duration-ms="2137" status="PASS">
          <params>
            <param index="0">
              <value>
                <![CDATA[org.testng.TestRunner@26a4f9ed]]>
              </value>
            </param>
          </params>
          <reporter-output>
          </reporter-output>
        </test-method> <!-- setUpClass -->
        <test-method is-config="true" signature="tearDownClass()[pri:0, instance:TestRunner.TestRunner@21f8e55f]" started-at="2022-12-13T08:38:47 IST" name="tearDownClass" finished-at="2022-12-13T08:38:47 IST" duration-ms="63" status="PASS">
          <reporter-output>
          </reporter-output>
        </test-method> <!-- tearDownClass -->
      </class> <!-- TestRunner.TestRunner -->
    </test> <!-- Default test -->
  </suite> <!-- Default suite -->
</testng-results>
